<?xml version="1.0" encoding="UTF-8"?>
<!-- Generated by org.testng.reporters.JUnitReportReporter -->
<testsuite skipped="0" hostname="ucreate8-All-Series" name="brewbrokerTests.testLogin" tests="3" failures="0" timestamp="11 Apr 2019 04:29:44 GMT" time="1.508" errors="0">
  <testcase name="loginBrewWithoutDetails" time="0.476" classname="brewbrokerTests.testLogin"/>
  <testcase name="loginBrewWithInvalidEmail" time="0.490" classname="brewbrokerTests.testLogin"/>
  <testcase name="loginBrewwithValidDetails" time="0.542" classname="brewbrokerTests.testLogin"/>
</testsuite> <!-- brewbrokerTests.testLogin -->
